{
  "stats": {
    "suites": 1,
    "tests": 1,
    "passes": 1,
    "pending": 0,
    "failures": 0,
    "start": "2024-01-03T13:44:31.087Z",
    "end": "2024-01-03T13:44:31.430Z",
    "duration": 343,
    "testsRegistered": 1,
    "passPercent": 100,
    "pendingPercent": 0,
    "other": 0,
    "hasOther": false,
    "skipped": 0,
    "hasSkipped": false
  },
  "results": [
    {
      "uuid": "d4b2cdd0-02d7-4bc8-9212-d74a486dc7b8",
      "title": "",
      "fullFile": "cypress\\e2e\\uitests\\readcsv.cy.js",
      "file": "cypress\\e2e\\uitests\\readcsv.cy.js",
      "beforeHooks": [],
      "afterHooks": [],
      "tests": [],
      "suites": [
        {
          "uuid": "1c29eebf-62d6-4bc9-833f-0f4ff6371003",
          "title": "Registration Form",
          "fullFile": "",
          "file": "",
          "beforeHooks": [],
          "afterHooks": [],
          "tests": [
            {
              "title": " Fill Reg Form for different users ",
              "fullTitle": "Registration Form  Fill Reg Form for different users ",
              "timedOut": null,
              "duration": 295,
              "state": "passed",
              "speed": "fast",
              "pass": true,
              "fail": false,
              "pending": false,
              "context": "{\n  \"title\": \"cypress-mochawesome-reporter-videos-passed\",\n  \"value\": \"cypress\\\\e2e\\\\uitests\\\\readcsv.cy.js\"\n}",
              "code": "for (let i = 0; i < regData.length; i++) {\n  cy.log(regData[i]['firstName']);\n  cy.log(regData[i]['lastName']);\n  cy.log(regData[i]['Email']);\n  cy.log(regData[i]['Telephone']);\n  cy.log(regData[i]['Password']);\n}",
              "err": {},
              "uuid": "751d9dc4-d152-4609-ba55-c57ddf1fb5f9",
              "parentUUID": "1c29eebf-62d6-4bc9-833f-0f4ff6371003",
              "isHook": false,
              "skipped": false
            }
          ],
          "suites": [],
          "passes": [
            "751d9dc4-d152-4609-ba55-c57ddf1fb5f9"
          ],
          "failures": [],
          "pending": [],
          "skipped": [],
          "duration": 295,
          "root": false,
          "rootEmpty": false,
          "_timeout": 2000
        }
      ],
      "passes": [],
      "failures": [],
      "pending": [],
      "skipped": [],
      "duration": 0,
      "root": true,
      "rootEmpty": true,
      "_timeout": 2000
    }
  ],
  "meta": {
    "mocha": {
      "version": "7.0.1"
    },
    "mochawesome": {
      "options": {
        "quiet": false,
        "reportFilename": "mochawesome",
        "saveHtml": true,
        "saveJson": true,
        "consoleReporter": "spec",
        "useInlineDiffs": false,
        "code": true
      },
      "version": "7.1.3"
    },
    "marge": {
      "options": {
        "reportDir": "cypress/results",
        "overwrite": false,
        "html": true,
        "timestamp": "mmddyyyy_HHMMss"
      },
      "version": "6.2.0"
    }
  }
}