{
  "stats": {
    "suites": 1,
    "tests": 1,
    "passes": 1,
    "pending": 0,
    "failures": 0,
    "start": "2024-01-03T11:11:41.196Z",
    "end": "2024-01-03T11:11:41.609Z",
    "duration": 413,
    "testsRegistered": 1,
    "passPercent": 100,
    "pendingPercent": 0,
    "other": 0,
    "hasOther": false,
    "skipped": 0,
    "hasSkipped": false
  },
  "results": [
    {
      "uuid": "c6be6335-ceff-4f10-9c9e-815c6b01bbc3",
      "title": "",
      "fullFile": "cypress\\e2e\\uitests\\readcsv.cy.js",
      "file": "cypress\\e2e\\uitests\\readcsv.cy.js",
      "beforeHooks": [],
      "afterHooks": [],
      "tests": [],
      "suites": [
        {
          "uuid": "e81266d4-fc46-40c9-b82a-85d6b0f0d078",
          "title": "Registration Form",
          "fullFile": "",
          "file": "",
          "beforeHooks": [],
          "afterHooks": [],
          "tests": [
            {
              "title": " Fill Reg Form for different users ",
              "fullTitle": "Registration Form  Fill Reg Form for different users ",
              "timedOut": null,
              "duration": 302,
              "state": "passed",
              "speed": "fast",
              "pass": true,
              "fail": false,
              "pending": false,
              "context": null,
              "code": "for (let i = 0; i < regData.length; i++) {\n  cy.log(regData[i]['firstName']);\n  cy.log(regData[i]['lastName']);\n  cy.log(regData[i]['Email']);\n  cy.log(regData[i]['Telephone']);\n  cy.log(regData[i]['Password']);\n}",
              "err": {},
              "uuid": "a86e1b4e-ec94-455e-90ab-81bc12762645",
              "parentUUID": "e81266d4-fc46-40c9-b82a-85d6b0f0d078",
              "isHook": false,
              "skipped": false
            }
          ],
          "suites": [],
          "passes": [
            "a86e1b4e-ec94-455e-90ab-81bc12762645"
          ],
          "failures": [],
          "pending": [],
          "skipped": [],
          "duration": 302,
          "root": false,
          "rootEmpty": false,
          "_timeout": 2000
        }
      ],
      "passes": [],
      "failures": [],
      "pending": [],
      "skipped": [],
      "duration": 0,
      "root": true,
      "rootEmpty": true,
      "_timeout": 2000
    }
  ],
  "meta": {
    "mocha": {
      "version": "7.0.1"
    },
    "mochawesome": {
      "options": {
        "quiet": false,
        "reportFilename": "mochawesome",
        "saveHtml": true,
        "saveJson": true,
        "consoleReporter": "spec",
        "useInlineDiffs": false,
        "code": true
      },
      "version": "7.1.3"
    },
    "marge": {
      "options": {
        "reportDir": "cypress/results",
        "overwrite": false,
        "html": true,
        "timestamp": "mmddyyyy_HHMMss"
      },
      "version": "6.2.0"
    }
  }
}