{
  "stats": {
    "suites": 1,
    "tests": 1,
    "passes": 1,
    "pending": 0,
    "failures": 0,
    "start": "2024-01-03T11:02:10.821Z",
    "end": "2024-01-03T11:02:11.224Z",
    "duration": 403,
    "testsRegistered": 1,
    "passPercent": 100,
    "pendingPercent": 0,
    "other": 0,
    "hasOther": false,
    "skipped": 0,
    "hasSkipped": false
  },
  "results": [
    {
      "uuid": "ce225a01-caa2-4eb9-a7ff-1b334061f2f4",
      "title": "",
      "fullFile": "cypress\\e2e\\uitests\\readcsv.cy.js",
      "file": "cypress\\e2e\\uitests\\readcsv.cy.js",
      "beforeHooks": [],
      "afterHooks": [],
      "tests": [],
      "suites": [
        {
          "uuid": "cabe1400-2210-4de5-beb4-393569ea4395",
          "title": "Registration Form",
          "fullFile": "",
          "file": "",
          "beforeHooks": [],
          "afterHooks": [],
          "tests": [
            {
              "title": " Fill Reg Form for different users ",
              "fullTitle": "Registration Form  Fill Reg Form for different users ",
              "timedOut": null,
              "duration": 292,
              "state": "passed",
              "speed": "fast",
              "pass": true,
              "fail": false,
              "pending": false,
              "context": null,
              "code": "for (let i = 0; i < regData.length; i++) {\n  cy.log(regData[i]['firstName']);\n  cy.log(regData[i]['lastName']);\n  cy.log(regData[i]['Email']);\n  cy.log(regData[i]['Telephone']);\n  cy.log(regData[i]['Password']);\n}",
              "err": {},
              "uuid": "b9b7068b-cec0-4195-af2a-b5884afc268c",
              "parentUUID": "cabe1400-2210-4de5-beb4-393569ea4395",
              "isHook": false,
              "skipped": false
            }
          ],
          "suites": [],
          "passes": [
            "b9b7068b-cec0-4195-af2a-b5884afc268c"
          ],
          "failures": [],
          "pending": [],
          "skipped": [],
          "duration": 292,
          "root": false,
          "rootEmpty": false,
          "_timeout": 2000
        }
      ],
      "passes": [],
      "failures": [],
      "pending": [],
      "skipped": [],
      "duration": 0,
      "root": true,
      "rootEmpty": true,
      "_timeout": 2000
    }
  ],
  "meta": {
    "mocha": {
      "version": "7.0.1"
    },
    "mochawesome": {
      "options": {
        "quiet": false,
        "reportFilename": "mochawesome",
        "saveHtml": true,
        "saveJson": true,
        "consoleReporter": "spec",
        "useInlineDiffs": false,
        "code": true
      },
      "version": "7.1.3"
    },
    "marge": {
      "options": {
        "reportDir": "cypress/results",
        "overwrite": false,
        "html": true,
        "timestamp": "mmddyyyy_HHMMss"
      },
      "version": "6.2.0"
    }
  }
}